# JRE version: Java(TM) SE Runtime Environment (8.0_66-b18) (build 1.8.0_66-b18)
# Java VM: Java HotSpot(TM) 64-Bit Server VM (25.66-b18 mixed mode windows-amd64 compressed oops)
Heap:
 PSYoungGen      total 222208K, used 187171K [0x00000000d5d80000, 0x00000000ed200000, 0x0000000100000000)
  eden space 127488K, 80% used [0x00000000d5d80000,0x00000000dc1f4080,0x00000000dda00000)
  from space 94720K, 89% used [0x00000000dda00000,0x00000000e2c54de0,0x00000000e3680000)
  to   space 103936K, 0% used [0x00000000e6c80000,0x00000000e6c80000,0x00000000ed200000)
 ParOldGen       total 452608K, used 341038K [0x0000000081800000, 0x000000009d200000, 0x00000000d5d80000)
  object space 452608K, 75% used [0x0000000081800000,0x000000009650b808,0x000000009d200000)
 Metaspace       used 3173K, capacity 4908K, committed 5120K, reserved 1056768K
  class space    used 334K, capacity 424K, committed 512K, reserved 1048576K
GC Heap History (10 events):
Event: 7.913 GC heap before
{Heap before GC invocations=13 (full 3):
 PSYoungGen      total 163840K, used 70136K [0x00000000d5d80000, 0x00000000e8280000, 0x0000000100000000)
  eden space 93696K, 0% used [0x00000000d5d80000,0x00000000d5d80000,0x00000000db900000)
  from space 70144K, 99% used [0x00000000e1280000,0x00000000e56fe058,0x00000000e5700000)
  to   space 91648K, 0% used [0x00000000db900000,0x00000000db900000,0x00000000e1280000)
 ParOldGen       total 168960K, used 148542K [0x0000000081800000, 0x000000008bd00000, 0x00000000d5d80000)
  object space 168960K, 87% used [0x0000000081800000,0x000000008a90fb10,0x000000008bd00000)
 Metaspace       used 3109K, capacity 4908K, committed 5120K, reserved 1056768K
  class space    used 323K, capacity 424K, committed 512K, reserved 1048576K
Event: 7.952 GC heap after
Heap after GC invocations=13 (full 3):
 PSYoungGen      total 163840K, used 49655K [0x00000000d5d80000, 0x00000000e8280000, 0x0000000100000000)
  eden space 93696K, 0% used [0x00000000d5d80000,0x00000000d5d80000,0x00000000db900000)
  from space 70144K, 70% used [0x00000000e1280000,0x00000000e42fdce0,0x00000000e5700000)
  to   space 91648K, 0% used [0x00000000db900000,0x00000000db900000,0x00000000e1280000)
 ParOldGen       total 290304K, used 168570K [0x0000000081800000, 0x0000000093380000, 0x00000000d5d80000)
  object space 290304K, 58% used [0x0000000081800000,0x000000008bc9e8a8,0x0000000093380000)
 Metaspace       used 3109K, capacity 4908K, committed 5120K, reserved 1056768K
  class space    used 323K, capacity 424K, committed 512K, reserved 1048576K
}
Event: 9.251 GC heap before
{Heap before GC invocations=14 (full 3):
 PSYoungGen      total 163840K, used 143351K [0x00000000d5d80000, 0x00000000e8280000, 0x0000000100000000)
  eden space 93696K, 100% used [0x00000000d5d80000,0x00000000db900000,0x00000000db900000)
  from space 70144K, 70% used [0x00000000e1280000,0x00000000e42fdce0,0x00000000e5700000)
  to   space 91648K, 0% used [0x00000000db900000,0x00000000db900000,0x00000000e1280000)
 ParOldGen       total 290304K, used 168570K [0x0000000081800000, 0x0000000093380000, 0x00000000d5d80000)
  object space 290304K, 58% used [0x0000000081800000,0x000000008bc9e8a8,0x0000000093380000)
 Metaspace       used 3109K, capacity 4908K, committed 5120K, reserved 1056768K
  class space    used 323K, capacity 424K, committed 512K, reserved 1048576K
Event: 9.273 GC heap after
Heap after GC invocations=14 (full 3):
 PSYoungGen      total 185344K, used 61905K [0x00000000d5d80000, 0x00000000e9200000, 0x0000000100000000)
  eden space 93696K, 0% used [0x00000000d5d80000,0x00000000d5d80000,0x00000000db900000)
  from space 91648K, 67% used [0x00000000db900000,0x00000000df574440,0x00000000e1280000)
  to   space 93696K, 0% used [0x00000000e3680000,0x00000000e3680000,0x00000000e9200000)
 ParOldGen       total 290304K, used 218253K [0x0000000081800000, 0x0000000093380000, 0x00000000d5d80000)
  object space 290304K, 75% used [0x0000000081800000,0x000000008ed23748,0x0000000093380000)
 Metaspace       used 3109K, capacity 4908K, committed 5120K, reserved 1056768K
  class space    used 323K, capacity 424K, committed 512K, reserved 1048576K
}
Event: 10.593 GC heap before
{Heap before GC invocations=15 (full 3):
 PSYoungGen      total 185344K, used 155601K [0x00000000d5d80000, 0x00000000e9200000, 0x0000000100000000)
  eden space 93696K, 100% used [0x00000000d5d80000,0x00000000db900000,0x00000000db900000)
  from space 91648K, 67% used [0x00000000db900000,0x00000000df574440,0x00000000e1280000)
  to   space 93696K, 0% used [0x00000000e3680000,0x00000000e3680000,0x00000000e9200000)
 ParOldGen       total 290304K, used 218253K [0x0000000081800000, 0x0000000093380000, 0x00000000d5d80000)
  object space 290304K, 75% used [0x0000000081800000,0x000000008ed23748,0x0000000093380000)
 Metaspace       used 3109K, capacity 4908K, committed 5120K, reserved 1056768K
  class space    used 323K, capacity 424K, committed 512K, reserved 1048576K
Event: 10.621 GC heap after
Heap after GC invocations=15 (full 3):
 PSYoungGen      total 221184K, used 61876K [0x00000000d5d80000, 0x00000000e9500000, 0x0000000100000000)
  eden space 127488K, 0% used [0x00000000d5d80000,0x00000000d5d80000,0x00000000dda00000)
  from space 93696K, 66% used [0x00000000e3680000,0x00000000e72ed0f8,0x00000000e9200000)
  to   space 94720K, 0% used [0x00000000dda00000,0x00000000dda00000,0x00000000e3680000)
 ParOldGen       total 290304K, used 279745K [0x0000000081800000, 0x0000000093380000, 0x00000000d5d80000)
  object space 290304K, 96% used [0x0000000081800000,0x0000000092930488,0x0000000093380000)
 Metaspace       used 3109K, capacity 4908K, committed 5120K, reserved 1056768K
  class space    used 323K, capacity 424K, committed 512K, reserved 1048576K
}
Event: 10.621 GC heap before
{Heap before GC invocations=16 (full 4):
 PSYoungGen      total 221184K, used 61876K [0x00000000d5d80000, 0x00000000e9500000, 0x0000000100000000)
  eden space 127488K, 0% used [0x00000000d5d80000,0x00000000d5d80000,0x00000000dda00000)
  from space 93696K, 66% used [0x00000000e3680000,0x00000000e72ed0f8,0x00000000e9200000)
  to   space 94720K, 0% used [0x00000000dda00000,0x00000000dda00000,0x00000000e3680000)
 ParOldGen       total 290304K, used 279745K [0x0000000081800000, 0x0000000093380000, 0x00000000d5d80000)
  object space 290304K, 96% used [0x0000000081800000,0x0000000092930488,0x0000000093380000)
 Metaspace       used 3109K, capacity 4908K, committed 5120K, reserved 1056768K
  class space    used 323K, capacity 424K, committed 512K, reserved 1048576K
Event: 10.661 GC heap after
Heap after GC invocations=16 (full 4):
 PSYoungGen      total 221184K, used 51088K [0x00000000d5d80000, 0x00000000e9500000, 0x0000000100000000)
  eden space 127488K, 0% used [0x00000000d5d80000,0x00000000d5d80000,0x00000000dda00000)
  from space 93696K, 54% used [0x00000000e3680000,0x00000000e6864320,0x00000000e9200000)
  to   space 94720K, 0% used [0x00000000dda00000,0x00000000dda00000,0x00000000e3680000)
 ParOldGen       total 452608K, used 290059K [0x0000000081800000, 0x000000009d200000, 0x00000000d5d80000)
  object space 452608K, 64% used [0x0000000081800000,0x0000000093342f58,0x000000009d200000)
 Metaspace       used 3109K, capacity 4908K, committed 5120K, reserved 1056768K
  class space    used 323K, capacity 424K, committed 512K, reserved 1048576K
}
Event: 12.435 GC heap before
{Heap before GC invocations=17 (full 4):
 PSYoungGen      total 221184K, used 178576K [0x00000000d5d80000, 0x00000000e9500000, 0x0000000100000000)
  eden space 127488K, 100% used [0x00000000d5d80000,0x00000000dda00000,0x00000000dda00000)
  from space 93696K, 54% used [0x00000000e3680000,0x00000000e6864320,0x00000000e9200000)
  to   space 94720K, 0% used [0x00000000dda00000,0x00000000dda00000,0x00000000e3680000)
 ParOldGen       total 452608K, used 290059K [0x0000000081800000, 0x000000009d200000, 0x00000000d5d80000)
  object space 452608K, 64% used [0x0000000081800000,0x0000000093342f58,0x000000009d200000)
 Metaspace       used 3109K, capacity 4908K, committed 5120K, reserved 1056768K
  class space    used 323K, capacity 424K, committed 512K, reserved 1048576K
Event: 12.464 GC heap after
Heap after GC invocations=17 (full 4):
 PSYoungGen      total 222208K, used 84307K [0x00000000d5d80000, 0x00000000ed200000, 0x0000000100000000)
  eden space 127488K, 0% used [0x00000000d5d80000,0x00000000d5d80000,0x00000000dda00000)
  from space 94720K, 89% used [0x00000000dda00000,0x00000000e2c54de0,0x00000000e3680000)
  to   space 103936K, 0% used [0x00000000e6c80000,0x00000000e6c80000,0x00000000ed200000)
 ParOldGen       total 452608K, used 341038K [0x0000000081800000, 0x000000009d200000, 0x00000000d5d80000)
  object space 452608K, 75% used [0x0000000081800000,0x000000009650b808,0x000000009d200000)
 Metaspace       used 3109K, capacity 4908K, committed 5120K, reserved 1056768K
  class space    used 323K, capacity 424K, committed 512K, reserved 1048576K
}

